<?xml version="1.0" encoding="UTF-8"?>
<TestRun id="a751384a-91d4-4e28-a608-c08fbc39c67f" name="Geri@GERI-PC 2012-10-17 01:31:18" runUser="Geri-PC\Geri" xmlns="http://microsoft.com/schemas/VisualStudio/TeamTest/2010">
  <TestSettings name="Local" id="5dee1902-5545-44a3-ab58-14bfcf4814a5">
    <Description>These are default test settings for a local test run.</Description>
    <Deployment enabled="false" runDeploymentRoot="Geri_GERI-PC 2012-10-17 01_31_18">
      <DeploymentItem filename="F:\szakdoga\Moq.4.0.10827\NET40\Moq.dll" />
      <DeploymentItem filename="F:\szakdoga\core\core\bin\Debug\core.dll" />
      <DeploymentItem filename="F:\szakdoga\core\Services\bin\Debug\Services.dll" />
    </Deployment>
    <Execution>
      <TestTypeSpecific />
      <AgentRule name="Execution Agents">
      </AgentRule>
    </Execution>
  </TestSettings>
  <Times creation="2012-10-17T01:31:18.3945312+02:00" queuing="2012-10-17T01:31:18.4902344+02:00" start="2012-10-17T01:31:18.7822266+02:00" finish="2012-10-17T01:31:20.6025391+02:00" />
  <ResultSummary outcome="Failed">
    <Counters total="1" executed="1" error="0" failed="1" timeout="0" aborted="0" inconclusive="0" passedButRunAborted="0" notRunnable="0" notExecuted="0" disconnected="0" warning="0" passed="0" completed="0" inProgress="0" pending="0" />
  </ResultSummary>
  <TestDefinitions>
    <UnitTest name="testReceiveDamageShouldDeadWhenDamageMoreThanHealtPoint" storage="f:\szakdoga\core\servicestests\bin\debug\servicestests.dll" id="d994b4fe-0b2b-077a-dcce-9e4b1ee45907">
      <Execution id="7e91e3b1-c1dc-43d8-a9a3-9d61ef0cf403" />
      <TestMethod codeBase="F:/szakdoga/core/ServicesTests/bin/Debug/ServicesTests.DLL" adapterTypeName="Microsoft.VisualStudio.TestTools.TestTypes.Unit.UnitTestAdapter, Microsoft.VisualStudio.QualityTools.Tips.UnitTest.Adapter, Version=10.0.0.0, Culture=neutral, PublicKeyToken=b03f5f7f11d50a3a" className="ServicesTests.SimplePlayerServiceTest, ServicesTests, Version=1.0.0.0, Culture=neutral, PublicKeyToken=null" name="testReceiveDamageShouldDeadWhenDamageMoreThanHealtPoint" />
    </UnitTest>
  </TestDefinitions>
  <TestLists>
    <TestList name="Results Not in a List" id="8c84fa94-04c1-424b-9868-57a2d4851a1d" />
    <TestList name="All Loaded Results" id="19431567-8539-422a-85d7-44ee4e166bda" />
  </TestLists>
  <TestEntries>
    <TestEntry testId="d994b4fe-0b2b-077a-dcce-9e4b1ee45907" executionId="7e91e3b1-c1dc-43d8-a9a3-9d61ef0cf403" testListId="8c84fa94-04c1-424b-9868-57a2d4851a1d" />
  </TestEntries>
  <Results>
    <UnitTestResult executionId="7e91e3b1-c1dc-43d8-a9a3-9d61ef0cf403" testId="d994b4fe-0b2b-077a-dcce-9e4b1ee45907" testName="testReceiveDamageShouldDeadWhenDamageMoreThanHealtPoint" computerName="GERI-PC" duration="00:00:00.0782362" startTime="2012-10-17T01:31:18.8046875+02:00" endTime="2012-10-17T01:31:20.1875000+02:00" testType="13cdc9d9-ddb5-4fa4-a97d-d965ccfc6d4b" outcome="Failed" testListId="8c84fa94-04c1-424b-9868-57a2d4851a1d" relativeResultsDirectory="7e91e3b1-c1dc-43d8-a9a3-9d61ef0cf403">
      <Output>
        <ErrorInfo>
          <Message>Assert.AreEqual failed. Expected:&lt;True&gt;. Actual:&lt;False&gt;. </Message>
          <StackTrace>   at ServicesTests.SimplePlayerServiceTest.testReceiveDamageShouldDeadWhenDamageMoreThanHealtPoint() in F:\szakdoga\core\ServicesTests\SimplePlayerServiceTest.cs:line 93
</StackTrace>
        </ErrorInfo>
      </Output>
    </UnitTestResult>
  </Results>
</TestRun>