<?xml version="1.0" encoding="UTF-8"?>
<TestRun id="a0875390-3045-4c06-a07f-e0b8a5e4bb84" name="Geri@GERI-PC 2012-10-17 22:39:44" runUser="Geri-PC\Geri" xmlns="http://microsoft.com/schemas/VisualStudio/TeamTest/2010">
  <TestSettings name="Local" id="5dee1902-5545-44a3-ab58-14bfcf4814a5">
    <Description>These are default test settings for a local test run.</Description>
    <Deployment enabled="false" runDeploymentRoot="Geri_GERI-PC 2012-10-17 22_39_44">
      <DeploymentItem filename="F:\szakdoga\Moq.4.0.10827\NET40\Moq.dll" />
      <DeploymentItem filename="F:\szakdoga\core\core\bin\Debug\core.dll" />
      <DeploymentItem filename="F:\szakdoga\core\MainApplication\bin\Debug\MainApplication.exe" />
    </Deployment>
    <Execution>
      <TestTypeSpecific />
      <AgentRule name="Execution Agents">
      </AgentRule>
    </Execution>
  </TestSettings>
  <Times creation="2012-10-17T22:39:44.5410156+02:00" queuing="2012-10-17T22:39:58.7275390+02:00" start="2012-10-17T22:40:02.0546875+02:00" finish="2012-10-17T22:40:10.3564453+02:00" />
  <ResultSummary outcome="Failed">
    <Counters total="1" executed="1" error="0" failed="1" timeout="0" aborted="0" inconclusive="0" passedButRunAborted="0" notRunnable="0" notExecuted="0" disconnected="0" warning="0" passed="0" completed="0" inProgress="0" pending="0" />
  </ResultSummary>
  <TestDefinitions>
    <UnitTest name="testGetObject" storage="f:\szakdoga\core\mainapplicationtest\bin\debug\mainapplicationtest.dll" id="4792aa95-e3e0-c00f-25d8-e1d9d037f76f">
      <Execution id="5fefdf3f-0e90-4451-ae4f-e570aee0e4f3" />
      <TestMethod codeBase="F:/szakdoga/core/MainApplicationTEst/bin/Debug/MainApplicationTEst.DLL" adapterTypeName="Microsoft.VisualStudio.TestTools.TestTypes.Unit.UnitTestAdapter, Microsoft.VisualStudio.QualityTools.Tips.UnitTest.Adapter, Version=10.0.0.0, Culture=neutral, PublicKeyToken=b03f5f7f11d50a3a" className="MainApplicationTEst.GameContainerTest, MainApplicationTEst, Version=1.0.0.0, Culture=neutral, PublicKeyToken=null" name="testGetObject" />
    </UnitTest>
  </TestDefinitions>
  <TestLists>
    <TestList name="Results Not in a List" id="8c84fa94-04c1-424b-9868-57a2d4851a1d" />
    <TestList name="All Loaded Results" id="19431567-8539-422a-85d7-44ee4e166bda" />
  </TestLists>
  <TestEntries>
    <TestEntry testId="4792aa95-e3e0-c00f-25d8-e1d9d037f76f" executionId="5fefdf3f-0e90-4451-ae4f-e570aee0e4f3" testListId="8c84fa94-04c1-424b-9868-57a2d4851a1d" />
  </TestEntries>
  <Results>
    <UnitTestResult executionId="5fefdf3f-0e90-4451-ae4f-e570aee0e4f3" testId="4792aa95-e3e0-c00f-25d8-e1d9d037f76f" testName="testGetObject" computerName="GERI-PC" duration="00:00:00.4457301" startTime="2012-10-17T22:40:01.9101562+02:00" endTime="2012-10-17T22:40:07.2011718+02:00" testType="13cdc9d9-ddb5-4fa4-a97d-d965ccfc6d4b" outcome="Failed" testListId="8c84fa94-04c1-424b-9868-57a2d4851a1d" relativeResultsDirectory="5fefdf3f-0e90-4451-ae4f-e570aee0e4f3">
      <Output>
        <Exception>Exception has been thrown by the target of an invocation.</Exception>
        <ErrorInfo>
          <Message>Unable to create instance of class MainApplicationTEst.GameContainerTest. Error: System.ArgumentException: Object instance was not created by Moq.
Parameter name: mocked.</Message>
          <StackTrace>    at Moq.Mock.Get[T](T mocked)
   at MainApplicationTEst.GameContainerTest..ctor() in F:\szakdoga\core\MainApplicationTEst\GameContainerTest.cs:line 24
</StackTrace>
        </ErrorInfo>
      </Output>
    </UnitTestResult>
  </Results>
</TestRun>