<?xml version="1.0" encoding="UTF-8"?>
<TestRun id="727497a5-1550-4b8c-b587-fb201a602dfc" name="Geri@GERI-PC 2012-10-17 22:49:53" runUser="Geri-PC\Geri" xmlns="http://microsoft.com/schemas/VisualStudio/TeamTest/2010">
  <TestSettings name="Local" id="5dee1902-5545-44a3-ab58-14bfcf4814a5">
    <Description>These are default test settings for a local test run.</Description>
    <Deployment enabled="false" runDeploymentRoot="Geri_GERI-PC 2012-10-17 22_49_53">
      <DeploymentItem filename="F:\szakdoga\Moq.4.0.10827\NET40\Moq.dll" />
      <DeploymentItem filename="F:\szakdoga\core\core\bin\Debug\core.dll" />
      <DeploymentItem filename="F:\szakdoga\core\MainApplication\bin\Debug\MainApplication.exe" />
    </Deployment>
    <Execution>
      <TestTypeSpecific />
      <AgentRule name="Execution Agents">
      </AgentRule>
    </Execution>
  </TestSettings>
  <Times creation="2012-10-17T22:49:53.9384765+02:00" queuing="2012-10-17T22:49:53.9707031+02:00" start="2012-10-17T22:49:54.3339843+02:00" finish="2012-10-17T22:49:57.6093750+02:00" />
  <ResultSummary outcome="Completed">
    <Counters total="1" executed="1" passed="1" error="0" failed="0" timeout="0" aborted="0" inconclusive="0" passedButRunAborted="0" notRunnable="0" notExecuted="0" disconnected="0" warning="0" completed="0" inProgress="0" pending="0" />
  </ResultSummary>
  <TestDefinitions>
    <UnitTest name="testGetObject" storage="f:\szakdoga\core\mainapplicationtest\bin\debug\mainapplicationtest.dll" id="4792aa95-e3e0-c00f-25d8-e1d9d037f76f">
      <Execution id="a4c73e72-5acb-47eb-bd0c-a8570c65d08f" />
      <TestMethod codeBase="F:/szakdoga/core/MainApplicationTEst/bin/Debug/MainApplicationTEst.DLL" adapterTypeName="Microsoft.VisualStudio.TestTools.TestTypes.Unit.UnitTestAdapter, Microsoft.VisualStudio.QualityTools.Tips.UnitTest.Adapter, Version=10.0.0.0, Culture=neutral, PublicKeyToken=b03f5f7f11d50a3a" className="MainApplicationTEst.GameContainerTest, MainApplicationTEst, Version=1.0.0.0, Culture=neutral, PublicKeyToken=null" name="testGetObject" />
    </UnitTest>
  </TestDefinitions>
  <TestLists>
    <TestList name="Results Not in a List" id="8c84fa94-04c1-424b-9868-57a2d4851a1d" />
    <TestList name="All Loaded Results" id="19431567-8539-422a-85d7-44ee4e166bda" />
  </TestLists>
  <TestEntries>
    <TestEntry testId="4792aa95-e3e0-c00f-25d8-e1d9d037f76f" executionId="a4c73e72-5acb-47eb-bd0c-a8570c65d08f" testListId="8c84fa94-04c1-424b-9868-57a2d4851a1d" />
  </TestEntries>
  <Results>
    <UnitTestResult executionId="a4c73e72-5acb-47eb-bd0c-a8570c65d08f" testId="4792aa95-e3e0-c00f-25d8-e1d9d037f76f" testName="testGetObject" computerName="GERI-PC" duration="00:00:01.0581923" startTime="2012-10-17T22:49:54.7431640+02:00" endTime="2012-10-17T22:49:57.0458984+02:00" testType="13cdc9d9-ddb5-4fa4-a97d-d965ccfc6d4b" outcome="Passed" testListId="8c84fa94-04c1-424b-9868-57a2d4851a1d" relativeResultsDirectory="a4c73e72-5acb-47eb-bd0c-a8570c65d08f">
    </UnitTestResult>
  </Results>
</TestRun>