<?xml version="1.0" encoding="UTF-8"?>
<TestRun id="601662e7-7865-42ab-a313-203d806e60b2" name="Geri@GERI-PC 2012-10-17 22:50:12" runUser="Geri-PC\Geri" xmlns="http://microsoft.com/schemas/VisualStudio/TeamTest/2010">
  <TestSettings name="Local" id="5dee1902-5545-44a3-ab58-14bfcf4814a5">
    <Description>These are default test settings for a local test run.</Description>
    <Deployment enabled="false" runDeploymentRoot="Geri_GERI-PC 2012-10-17 22_50_12">
      <DeploymentItem filename="F:\szakdoga\Moq.4.0.10827\NET40\Moq.dll" />
      <DeploymentItem filename="F:\szakdoga\core\core\bin\Debug\core.dll" />
      <DeploymentItem filename="F:\szakdoga\core\MainApplication\bin\Debug\MainApplication.exe" />
    </Deployment>
    <Execution>
      <TestTypeSpecific />
      <AgentRule name="Execution Agents">
      </AgentRule>
    </Execution>
  </TestSettings>
  <Times creation="2012-10-17T22:50:12.1484375+02:00" queuing="2012-10-17T22:50:12.2412109+02:00" start="2012-10-17T22:50:12.4716796+02:00" finish="2012-10-17T22:50:14.9824218+02:00" />
  <ResultSummary outcome="Failed">
    <Counters total="1" executed="1" error="0" failed="1" timeout="0" aborted="0" inconclusive="0" passedButRunAborted="0" notRunnable="0" notExecuted="0" disconnected="0" warning="0" passed="0" completed="0" inProgress="0" pending="0" />
  </ResultSummary>
  <TestDefinitions>
    <UnitTest name="testGetObject" storage="f:\szakdoga\core\mainapplicationtest\bin\debug\mainapplicationtest.dll" id="4792aa95-e3e0-c00f-25d8-e1d9d037f76f">
      <Execution id="510cf6fb-82e5-433d-a1e3-75a76155ab77" />
      <TestMethod codeBase="F:/szakdoga/core/MainApplicationTEst/bin/Debug/MainApplicationTEst.DLL" adapterTypeName="Microsoft.VisualStudio.TestTools.TestTypes.Unit.UnitTestAdapter, Microsoft.VisualStudio.QualityTools.Tips.UnitTest.Adapter, Version=10.0.0.0, Culture=neutral, PublicKeyToken=b03f5f7f11d50a3a" className="MainApplicationTEst.GameContainerTest, MainApplicationTEst, Version=1.0.0.0, Culture=neutral, PublicKeyToken=null" name="testGetObject" />
    </UnitTest>
  </TestDefinitions>
  <TestLists>
    <TestList name="Results Not in a List" id="8c84fa94-04c1-424b-9868-57a2d4851a1d" />
    <TestList name="All Loaded Results" id="19431567-8539-422a-85d7-44ee4e166bda" />
  </TestLists>
  <TestEntries>
    <TestEntry testId="4792aa95-e3e0-c00f-25d8-e1d9d037f76f" executionId="510cf6fb-82e5-433d-a1e3-75a76155ab77" testListId="8c84fa94-04c1-424b-9868-57a2d4851a1d" />
  </TestEntries>
  <Results>
    <UnitTestResult executionId="510cf6fb-82e5-433d-a1e3-75a76155ab77" testId="4792aa95-e3e0-c00f-25d8-e1d9d037f76f" testName="testGetObject" computerName="GERI-PC" duration="00:00:00.5473377" startTime="2012-10-17T22:50:12.7753906+02:00" endTime="2012-10-17T22:50:14.5419921+02:00" testType="13cdc9d9-ddb5-4fa4-a97d-d965ccfc6d4b" outcome="Failed" testListId="8c84fa94-04c1-424b-9868-57a2d4851a1d" relativeResultsDirectory="510cf6fb-82e5-433d-a1e3-75a76155ab77">
      <Output>
        <ErrorInfo>
          <Message>Test method MainApplicationTEst.GameContainerTest.testGetObject threw exception: 
System.Collections.Generic.KeyNotFoundException: The given key was not present in the dictionary.</Message>
          <StackTrace>    at System.Collections.Generic.Dictionary`2.get_Item(TKey key)
   at MainApplication.Component.GameContainer.getObject[T](String name) in F:\szakdoga\core\MainApplication\Component\GameContainer.cs:line 76
   at MainApplicationTEst.GameContainerTest.testGetObject() in F:\szakdoga\core\MainApplicationTEst\GameContainerTest.cs:line 75
</StackTrace>
        </ErrorInfo>
      </Output>
    </UnitTestResult>
  </Results>
</TestRun>